
***********
Task started in 1 time of 1 at 10.11.16 17:35:35
******************* node3 **********************
mkdir: невозможно создать каталог «/scratch/s12307»: Нет такого файла или каталога
chown: невозможно получить доступ к «/scratch/s12307»: Нет такого файла или каталога
Host node3 has been prepared
error_flag=0
Preparing nodes for user s12307
/usr/runmvs/bin/prepare_nodes '/usr/runmvs/users/s12307/queue/main.1'
Starting task process with pid 24138
Pid of sleeper is 24139
Signals set
Sleeper 24139 started at 10.11.16 17:35:38 for 2 minutes, 0 seconds
manager: process 24138 done at 10.11.16 17:35:43
Killing sleeper 24139
Waiting for the end of sleeper
Sleeper done successfully
Creating done-file /usr/runmvs/users/s12307/done/main.1
Done-file created successfully
10.11.16 17:35:43: manager: closing nodes
close_node: running "/usr/runmvs/bin/close_nodes /usr/runmvs/users/s12307/queue/main.1 no"
Close nodes started
Executing /usr/runmvs/bin/trycmd 3 /usr/runmvs/bin/cmd 540 /usr/bin/ssh on node node3
Rsh on node node3 Ok
close_nodes: node node3 has been successfully freed
close_node: close_nodes script done
10.11.16 17:35:52: manager: close_nodes done
Unlocking nodes ...
Exiting...
