
***********
Task started in 1 time of 1 at 02.11.16 12:04:29
******************* node3 **********************
mkdir: невозможно создать каталог «/scratch/s12307»: Нет такого файла или каталога
chown: невозможно получить доступ к «/scratch/s12307»: Нет такого файла или каталога
Host node3 has been prepared
******************* node4 **********************
mkdir: невозможно создать каталог «/scratch/s12307»: Нет такого файла или каталога
chown: невозможно получить доступ к «/scratch/s12307»: Нет такого файла или каталога
Host node4 has been prepared
error_flag=0
Preparing nodes for user s12307
/usr/runmvs/bin/prepare_nodes '/usr/runmvs/users/s12307/queue/main.1'
Starting task process with pid 52561
Pid of sleeper is 52562
Signals set
Sleeper 52562 started at 02.11.16 12:04:34 for 2 minutes, 0 seconds
manager: process 52561 done at 02.11.16 12:04:45
Killing sleeper 52562
Waiting for the end of sleeper
Sleeper done successfully
Creating done-file /usr/runmvs/users/s12307/done/main.1
Done-file created successfully
02.11.16 12:04:45: manager: closing nodes
close_node: running "/usr/runmvs/bin/close_nodes /usr/runmvs/users/s12307/queue/main.1 no"
Close nodes started
Executing /usr/runmvs/bin/trycmd 3 /usr/runmvs/bin/cmd 540 /usr/bin/ssh on node node3
Executing /usr/runmvs/bin/trycmd 3 /usr/runmvs/bin/cmd 540 /usr/bin/ssh on node node4
Rsh on node node4 Ok
Rsh on node node3 Ok
close_nodes: node node3 has been successfully freed
close_nodes: node node4 has been successfully freed
close_node: close_nodes script done
02.11.16 12:04:54: manager: close_nodes done
Unlocking nodes ...
Exiting...
