
***********
Task started in 1 time of 1 at 02.11.16 14:06:10
******************* node4 **********************
mkdir: невозможно создать каталог «/scratch/s12307»: Нет такого файла или каталога
chown: невозможно получить доступ к «/scratch/s12307»: Нет такого файла или каталога
Host node4 has been prepared
error_flag=0
Preparing nodes for user s12307
/usr/runmvs/bin/prepare_nodes '/usr/runmvs/users/s12307/queue/prank.1'
Starting task process with pid 39060
Pid of sleeper is 39061
Signals set
Sleeper 39061 started at 02.11.16 14:06:14 for 3 minutes, 0 seconds
manager: process 39060 done at 02.11.16 14:06:22
Killing sleeper 39061
Waiting for the end of sleeper
Sleeper done successfully
Creating done-file /usr/runmvs/users/s12307/done/prank.1
Done-file created successfully
02.11.16 14:06:22: manager: closing nodes
close_node: running "/usr/runmvs/bin/close_nodes /usr/runmvs/users/s12307/queue/prank.1 no"
Close nodes started
Executing /usr/runmvs/bin/trycmd 3 /usr/runmvs/bin/cmd 540 /usr/bin/ssh on node node4
Rsh on node node4 Ok
close_nodes: node node4 has been successfully freed
close_node: close_nodes script done
02.11.16 14:06:33: manager: close_nodes done
Unlocking nodes ...
Exiting...
