
***********
Task started in 1 time of 1 at 07.10.16 15:43:01
******************* node4 **********************
mkdir: невозможно создать каталог «/scratch/s12307»: Нет такого файла или каталога
chown: невозможно получить доступ к «/scratch/s12307»: Нет такого файла или каталога
Host node4 has been prepared
******************* node6 **********************
mkdir: невозможно создать каталог «/scratch/s12307»: Нет такого файла или каталога
chown: невозможно получить доступ к «/scratch/s12307»: Нет такого файла или каталога
Host node6 has been prepared
error_flag=0
Preparing nodes for user s12307
/usr/runmvs/bin/prepare_nodes '/usr/runmvs/users/s12307/queue/first_prog.sh.1'
Starting task process with pid 7129
Pid of sleeper is 7130
Signals set
Sleeper 7130 started at 07.10.16 15:43:05 for 1 minutes, 0 seconds
manager: process 7129 done at 07.10.16 15:43:17
Killing sleeper 7130
Waiting for the end of sleeper
Sleeper done successfully
Creating done-file /usr/runmvs/users/s12307/done/first_prog.sh.1
Done-file created successfully
07.10.16 15:43:17: manager: closing nodes
close_node: running "/usr/runmvs/bin/close_nodes /usr/runmvs/users/s12307/queue/first_prog.sh.1 no"
Close nodes started
Executing /usr/runmvs/bin/trycmd 3 /usr/runmvs/bin/cmd 540 /usr/bin/ssh on node node4
Executing /usr/runmvs/bin/trycmd 3 /usr/runmvs/bin/cmd 540 /usr/bin/ssh on node node6
Rsh on node node6 Ok
Rsh on node node4 Ok
close_nodes: node node4 has been successfully freed
close_nodes: node node6 has been successfully freed
close_node: close_nodes script done
07.10.16 15:43:29: manager: close_nodes done
Unlocking nodes ...
Exiting...
